Using pre-set license
Built from '2020.3/staging' branch; Version is '2020.3.11f1 (99c7afb366b3) revision 10078127'; Using compiler version '192528614'; Build Type 'Release'
OS: 'Windows 10 Pro; OS build 19043.1110; Version 2009; 64bit' Language: 'es' Physical Memory: 8071 MB
BatchMode: 1, IsHumanControllingUs: 0, StartBugReporterOnCrash: 0, Is64bit: 1, IsPro: 0

 COMMAND LINE ARGUMENTS:
C:\Users\Marco Solís\Desktop\PROGRAMAS\Unity\2020.1.3f1\Editor\Unity.exe
-adb2
-batchMode
-noUpm
-name
AssetImportWorker0
-projectPath
C:/Users/Marco Solís/Desktop/PROGRAMAS/Unity/Proyectos/Laberint
-logFile
Logs/AssetImportWorker0.log
-srvPort
55804
Successfully changed project path to: C:/Users/Marco Solís/Desktop/PROGRAMAS/Unity/Proyectos/Laberint
C:/Users/Marco Solís/Desktop/PROGRAMAS/Unity/Proyectos/Laberint
Using Asset Import Pipeline V2.
Refreshing native plugins compatible for Editor in 48.75 ms, found 3 plugins.
Preloading 0 native plugins for Editor in 0.00 ms.
Initialize engine version: 2020.3.11f1 (99c7afb366b3)
[Subsystems] Discovering subsystems at path C:/Users/Marco Solís/Desktop/PROGRAMAS/Unity/2020.1.3f1/Editor/Data/Resources/UnitySubsystems
[Subsystems] Discovering subsystems at path C:/Users/Marco Solís/Desktop/PROGRAMAS/Unity/Proyectos/Laberint/Assets
GfxDevice: creating device client; threaded=0
Direct3D:
    Version:  Direct3D 11.0 [level 11.1]
    Renderer: Intel(R) HD Graphics 530 (ID=0x1912)
    Vendor:   
    VRAM:     4035 MB
    Driver:   27.20.100.8681
Initialize mono
Mono path[0] = 'C:/Users/Marco Solís/Desktop/PROGRAMAS/Unity/2020.1.3f1/Editor/Data/Managed'
Mono path[1] = 'C:/Users/Marco Solís/Desktop/PROGRAMAS/Unity/2020.1.3f1/Editor/Data/MonoBleedingEdge/lib/mono/unityjit'
Mono config path = 'C:/Users/Marco Solís/Desktop/PROGRAMAS/Unity/2020.1.3f1/Editor/Data/MonoBleedingEdge/etc'
Using monoOptions --debugger-agent=transport=dt_socket,embedding=1,server=y,suspend=n,address=127.0.0.1:56124
Begin MonoManager ReloadAssembly
Registering precompiled unity dll's ...
Register platform support module: C:/Users/Marco Solís/Desktop/PROGRAMAS/Unity/2020.1.3f1/Editor/Data/PlaybackEngines/WindowsStandaloneSupport/UnityEditor.WindowsStandalone.Extensions.dll
Registered in 0.006633 seconds.
Native extension for WindowsStandalone target not found
Refreshing native plugins compatible for Editor in 50.43 ms, found 3 plugins.
Preloading 0 native plugins for Editor in 0.00 ms.
Mono: successfully reloaded assembly
- Completed reload, in  5.490 seconds
Platform modules already initialized, skipping
Registering precompiled user dll's ...
Registered in 0.985680 seconds.
Begin MonoManager ReloadAssembly
Native extension for WindowsStandalone target not found
Refreshing native plugins compatible for Editor in 45.36 ms, found 3 plugins.
Preloading 0 native plugins for Editor in 0.00 ms.
Mono: successfully reloaded assembly
- Completed reload, in  4.177 seconds
Platform modules already initialized, skipping
========================================================================
Worker process is ready to serve import requests
Launched and connected shader compiler UnityShaderCompiler.exe after 0.41 seconds
Refreshing native plugins compatible for Editor in 0.41 ms, found 3 plugins.
Preloading 0 native plugins for Editor in 0.00 ms.
Unloading 2080 Unused Serialized files (Serialized files now loaded: 0)
System memory in use before: 92.9 MB.
System memory in use after: 92.8 MB.

Unloading 33 unused Assets to reduce memory usage. Loaded Objects now: 2513.
Total: 3.256300 ms (FindLiveObjects: 0.222200 ms CreateObjectMapping: 0.109900 ms MarkObjects: 2.780200 ms  DeleteObjects: 0.142500 ms)

========================================================================
Received Import Request.
  path: Assets/laberinto.png
  artifactKey: Guid(11c3db4ae121e5d4fa7045690aee6af4) Importer(815301076,1909f56bfc062723c751e8b465ee728b)
Start importing Assets/laberinto.png using Guid(11c3db4ae121e5d4fa7045690aee6af4) Importer(815301076,1909f56bfc062723c751e8b465ee728b)  -> (artifact id: '075332ba17cd682e90b267293bb8394d') in 0.276855 seconds
  Import took 0.283522 seconds .

========================================================================
Received Import Request.
  Time since last request: 3360.432234 seconds.
  path: Assets
  artifactKey: Guid(00000000000000001000000000000000) Importer(815301076,1909f56bfc062723c751e8b465ee728b)
Start importing Assets using Guid(00000000000000001000000000000000) Importer(815301076,1909f56bfc062723c751e8b465ee728b)  -> (artifact id: '42d402b061de3733987d63b9cc3b64de') in 0.012593 seconds
  Import took 0.019061 seconds .

========================================================================
Received Import Request.
  Time since last request: 4.785815 seconds.
  path: Assets/Sprites
  artifactKey: Guid(bdcab9a8f14beed4281988be1a456f70) Importer(815301076,1909f56bfc062723c751e8b465ee728b)
Start importing Assets/Sprites using Guid(bdcab9a8f14beed4281988be1a456f70) Importer(815301076,1909f56bfc062723c751e8b465ee728b)  -> (artifact id: '6754ca00c9bb2888536329ba1cdea426') in 0.015192 seconds
  Import took 0.021395 seconds .

========================================================================
Received Import Request.
  Time since last request: 14.077325 seconds.
  path: Assets/Sprites/Square.png
  artifactKey: Guid(9ad270a65b4fb2543a36c25667baf631) Importer(815301076,1909f56bfc062723c751e8b465ee728b)
Start importing Assets/Sprites/Square.png using Guid(9ad270a65b4fb2543a36c25667baf631) Importer(815301076,1909f56bfc062723c751e8b465ee728b)  -> (artifact id: '054a97c680ac9d6156d39a0cfbbf6f26') in 0.022252 seconds
  Import took 0.031190 seconds .

========================================================================
Received Import Request.
  Time since last request: 13.290213 seconds.
  path: Assets/Materials
  artifactKey: Guid(2d3cc2f971d106b478664aadd1002ae9) Importer(815301076,1909f56bfc062723c751e8b465ee728b)
Start importing Assets/Materials using Guid(2d3cc2f971d106b478664aadd1002ae9) Importer(815301076,1909f56bfc062723c751e8b465ee728b)  -> (artifact id: '2b67cef9f5fbb8376f5d6387f4244470') in 0.015697 seconds
  Import took 0.021272 seconds .

========================================================================
Received Import Request.
  Time since last request: 5.790951 seconds.
  path: Assets/Materials/New Material.mat
  artifactKey: Guid(ca05db0000b7e204da247385db52be79) Importer(815301076,1909f56bfc062723c751e8b465ee728b)
Start importing Assets/Materials/New Material.mat using Guid(ca05db0000b7e204da247385db52be79) Importer(815301076,1909f56bfc062723c751e8b465ee728b)  -> (artifact id: 'ca3e4ce68a06da88cbe9e44617718e67') in 0.117677 seconds
  Import took 0.123920 seconds .

========================================================================
Received Prepare
Registering precompiled user dll's ...
Registered in 0.016829 seconds.
Begin MonoManager ReloadAssembly
Native extension for WindowsStandalone target not found
Refreshing native plugins compatible for Editor in 0.42 ms, found 3 plugins.
Preloading 0 native plugins for Editor in 0.00 ms.
Mono: successfully reloaded assembly
- Completed reload, in  1.190 seconds
Platform modules already initialized, skipping
Refreshing native plugins compatible for Editor in 0.95 ms, found 3 plugins.
Preloading 0 native plugins for Editor in 0.00 ms.
Unloading 2076 Unused Serialized files (Serialized files now loaded: 0)
System memory in use before: 96.0 MB.
System memory in use after: 96.0 MB.

Unloading 21 unused Assets to reduce memory usage. Loaded Objects now: 2562.
Total: 3.759400 ms (FindLiveObjects: 0.629900 ms CreateObjectMapping: 0.170000 ms MarkObjects: 2.747200 ms  DeleteObjects: 0.209800 ms)

========================================================================
Received Prepare
Registering precompiled user dll's ...
Registered in 0.004512 seconds.
Begin MonoManager ReloadAssembly
Native extension for WindowsStandalone target not found
Refreshing native plugins compatible for Editor in 0.47 ms, found 3 plugins.
Preloading 0 native plugins for Editor in 0.00 ms.
Mono: successfully reloaded assembly
- Completed reload, in  1.431 seconds
Platform modules already initialized, skipping
Refreshing native plugins compatible for Editor in 0.63 ms, found 3 plugins.
Preloading 0 native plugins for Editor in 0.00 ms.
Unloading 2076 Unused Serialized files (Serialized files now loaded: 0)
System memory in use before: 96.1 MB.
System memory in use after: 96.1 MB.

Unloading 21 unused Assets to reduce memory usage. Loaded Objects now: 2566.
Total: 3.202000 ms (FindLiveObjects: 0.225100 ms CreateObjectMapping: 0.085000 ms MarkObjects: 2.770800 ms  DeleteObjects: 0.119400 ms)

========================================================================
Received Prepare
Registering precompiled user dll's ...
Registered in 0.005168 seconds.
Begin MonoManager ReloadAssembly
Native extension for WindowsStandalone target not found
Refreshing native plugins compatible for Editor in 0.46 ms, found 3 plugins.
Preloading 0 native plugins for Editor in 0.00 ms.
Mono: successfully reloaded assembly
- Completed reload, in  1.641 seconds
Platform modules already initialized, skipping
Script is not up to date after domain reload: guid(478f859fd9daeaf4a9c9d1505526a9be) path("Assets/Materials/LookAtPlayer.cs") state(2)
Refreshing native plugins compatible for Editor in 1.08 ms, found 3 plugins.
Preloading 0 native plugins for Editor in 0.00 ms.
Unloading 2076 Unused Serialized files (Serialized files now loaded: 0)
System memory in use before: 96.1 MB.
System memory in use after: 96.1 MB.

Unloading 21 unused Assets to reduce memory usage. Loaded Objects now: 2570.
Total: 3.464000 ms (FindLiveObjects: 0.220500 ms CreateObjectMapping: 0.092900 ms MarkObjects: 3.026400 ms  DeleteObjects: 0.122500 ms)

========================================================================
Received Prepare
Registering precompiled user dll's ...
Registered in 0.006162 seconds.
Begin MonoManager ReloadAssembly
Native extension for WindowsStandalone target not found
Refreshing native plugins compatible for Editor in 0.54 ms, found 3 plugins.
Preloading 0 native plugins for Editor in 0.00 ms.
Mono: successfully reloaded assembly
- Completed reload, in  1.205 seconds
Platform modules already initialized, skipping
Refreshing native plugins compatible for Editor in 0.60 ms, found 3 plugins.
Preloading 0 native plugins for Editor in 0.00 ms.
Unloading 2077 Unused Serialized files (Serialized files now loaded: 0)
System memory in use before: 96.2 MB.
System memory in use after: 96.1 MB.

Unloading 21 unused Assets to reduce memory usage. Loaded Objects now: 2575.
Total: 2.668600 ms (FindLiveObjects: 0.257700 ms CreateObjectMapping: 0.082200 ms MarkObjects: 2.215500 ms  DeleteObjects: 0.112100 ms)

========================================================================
Received Prepare
Registering precompiled user dll's ...
Registered in 0.005644 seconds.
Begin MonoManager ReloadAssembly
Native extension for WindowsStandalone target not found
Refreshing native plugins compatible for Editor in 0.46 ms, found 3 plugins.
Preloading 0 native plugins for Editor in 0.00 ms.
Mono: successfully reloaded assembly
- Completed reload, in  1.716 seconds
Platform modules already initialized, skipping
Refreshing native plugins compatible for Editor in 0.50 ms, found 3 plugins.
Preloading 0 native plugins for Editor in 0.00 ms.
Unloading 2077 Unused Serialized files (Serialized files now loaded: 0)
System memory in use before: 96.2 MB.
System memory in use after: 96.2 MB.

Unloading 21 unused Assets to reduce memory usage. Loaded Objects now: 2579.
Total: 2.904700 ms (FindLiveObjects: 0.420700 ms CreateObjectMapping: 0.151200 ms MarkObjects: 2.219200 ms  DeleteObjects: 0.112300 ms)

========================================================================
Received Import Request.
  Time since last request: 234.547029 seconds.
  path: Assets/Materials/referencepoint.prefab
  artifactKey: Guid(37b7318a799b5244ab37a8273c04d456) Importer(815301076,1909f56bfc062723c751e8b465ee728b)
Start importing Assets/Materials/referencepoint.prefab using Guid(37b7318a799b5244ab37a8273c04d456) Importer(815301076,1909f56bfc062723c751e8b465ee728b)  -> (artifact id: '26b959b88c3f7758575a646481aff054') in 0.186437 seconds
  Import took 0.194724 seconds .

========================================================================
Received Prepare
Registering precompiled user dll's ...
Registered in 0.004126 seconds.
Begin MonoManager ReloadAssembly
Native extension for WindowsStandalone target not found
Refreshing native plugins compatible for Editor in 0.43 ms, found 3 plugins.
Preloading 0 native plugins for Editor in 0.00 ms.
Mono: successfully reloaded assembly
- Completed reload, in  1.277 seconds
Platform modules already initialized, skipping
Refreshing native plugins compatible for Editor in 0.42 ms, found 3 plugins.
Preloading 0 native plugins for Editor in 0.00 ms.
Unloading 2077 Unused Serialized files (Serialized files now loaded: 0)
System memory in use before: 96.2 MB.
System memory in use after: 96.2 MB.

Unloading 21 unused Assets to reduce memory usage. Loaded Objects now: 2583.
Total: 2.921200 ms (FindLiveObjects: 0.387700 ms CreateObjectMapping: 0.119300 ms MarkObjects: 2.247600 ms  DeleteObjects: 0.165100 ms)

========================================================================
Received Prepare
Registering precompiled user dll's ...
Registered in 0.004838 seconds.
Begin MonoManager ReloadAssembly
Native extension for WindowsStandalone target not found
Refreshing native plugins compatible for Editor in 0.46 ms, found 3 plugins.
Preloading 0 native plugins for Editor in 0.00 ms.
Mono: successfully reloaded assembly
- Completed reload, in  1.302 seconds
Platform modules already initialized, skipping
Refreshing native plugins compatible for Editor in 0.43 ms, found 3 plugins.
Preloading 0 native plugins for Editor in 0.00 ms.
Unloading 2077 Unused Serialized files (Serialized files now loaded: 0)
System memory in use before: 96.2 MB.
System memory in use after: 96.2 MB.

Unloading 21 unused Assets to reduce memory usage. Loaded Objects now: 2587.
Total: 2.950100 ms (FindLiveObjects: 0.265900 ms CreateObjectMapping: 0.154900 ms MarkObjects: 2.237400 ms  DeleteObjects: 0.289100 ms)

========================================================================
Received Prepare
Registering precompiled user dll's ...
Registered in 0.004479 seconds.
Begin MonoManager ReloadAssembly
Native extension for WindowsStandalone target not found
Refreshing native plugins compatible for Editor in 0.47 ms, found 3 plugins.
Preloading 0 native plugins for Editor in 0.00 ms.
Mono: successfully reloaded assembly
- Completed reload, in  1.426 seconds
Platform modules already initialized, skipping
Refreshing native plugins compatible for Editor in 0.46 ms, found 3 plugins.
Preloading 0 native plugins for Editor in 0.00 ms.
Unloading 2077 Unused Serialized files (Serialized files now loaded: 0)
System memory in use before: 96.2 MB.
System memory in use after: 96.2 MB.

Unloading 21 unused Assets to reduce memory usage. Loaded Objects now: 2591.
Total: 2.613700 ms (FindLiveObjects: 0.241300 ms CreateObjectMapping: 0.094700 ms MarkObjects: 2.122900 ms  DeleteObjects: 0.153400 ms)

========================================================================
Received Prepare
Registering precompiled user dll's ...
Registered in 0.007432 seconds.
Begin MonoManager ReloadAssembly
Native extension for WindowsStandalone target not found
Refreshing native plugins compatible for Editor in 0.43 ms, found 3 plugins.
Preloading 0 native plugins for Editor in 0.00 ms.
Mono: successfully reloaded assembly
- Completed reload, in  1.345 seconds
Platform modules already initialized, skipping
Refreshing native plugins compatible for Editor in 0.45 ms, found 3 plugins.
Preloading 0 native plugins for Editor in 0.00 ms.
Unloading 2077 Unused Serialized files (Serialized files now loaded: 0)
System memory in use before: 96.3 MB.
System memory in use after: 96.2 MB.

Unloading 21 unused Assets to reduce memory usage. Loaded Objects now: 2595.
Total: 2.627300 ms (FindLiveObjects: 0.207100 ms CreateObjectMapping: 0.090600 ms MarkObjects: 2.218700 ms  DeleteObjects: 0.109800 ms)

========================================================================
Received Prepare
Registering precompiled user dll's ...
Registered in 0.005894 seconds.
Begin MonoManager ReloadAssembly
Native extension for WindowsStandalone target not found
Refreshing native plugins compatible for Editor in 0.44 ms, found 3 plugins.
Preloading 0 native plugins for Editor in 0.00 ms.
Mono: successfully reloaded assembly
- Completed reload, in  1.220 seconds
Platform modules already initialized, skipping
Refreshing native plugins compatible for Editor in 0.46 ms, found 3 plugins.
Preloading 0 native plugins for Editor in 0.00 ms.
Unloading 2077 Unused Serialized files (Serialized files now loaded: 0)
System memory in use before: 96.3 MB.
System memory in use after: 96.2 MB.

Unloading 21 unused Assets to reduce memory usage. Loaded Objects now: 2599.
Total: 2.584900 ms (FindLiveObjects: 0.208300 ms CreateObjectMapping: 0.082400 ms MarkObjects: 2.183000 ms  DeleteObjects: 0.110200 ms)

========================================================================
Received Prepare
Registering precompiled user dll's ...
Registered in 0.004057 seconds.
Begin MonoManager ReloadAssembly
Native extension for WindowsStandalone target not found
Refreshing native plugins compatible for Editor in 0.43 ms, found 3 plugins.
Preloading 0 native plugins for Editor in 0.00 ms.
Mono: successfully reloaded assembly
- Completed reload, in  1.189 seconds
Platform modules already initialized, skipping
Refreshing native plugins compatible for Editor in 0.42 ms, found 3 plugins.
Preloading 0 native plugins for Editor in 0.00 ms.
Unloading 2077 Unused Serialized files (Serialized files now loaded: 0)
System memory in use before: 96.3 MB.
System memory in use after: 96.2 MB.

Unloading 21 unused Assets to reduce memory usage. Loaded Objects now: 2603.
Total: 2.629600 ms (FindLiveObjects: 0.212600 ms CreateObjectMapping: 0.074300 ms MarkObjects: 2.184800 ms  DeleteObjects: 0.156700 ms)

========================================================================
Received Import Request.
  Time since last request: 436.326097 seconds.
  path: Assets/Materials/MovimientoHaciaMouse.cs
  artifactKey: Guid(fb93f49d8f5454f48b3d748ab9beca8c) Importer(815301076,1909f56bfc062723c751e8b465ee728b)
Start importing Assets/Materials/MovimientoHaciaMouse.cs using Guid(fb93f49d8f5454f48b3d748ab9beca8c) Importer(815301076,1909f56bfc062723c751e8b465ee728b)  -> (artifact id: '0a0ff26c302f381b804f907fff5f19f5') in 0.047261 seconds
  Import took 0.053141 seconds .

========================================================================
Received Prepare
Registering precompiled user dll's ...
Registered in 0.005310 seconds.
Begin MonoManager ReloadAssembly
Native extension for WindowsStandalone target not found
Refreshing native plugins compatible for Editor in 0.78 ms, found 3 plugins.
Preloading 0 native plugins for Editor in 0.00 ms.
Mono: successfully reloaded assembly
- Completed reload, in  1.148 seconds
Platform modules already initialized, skipping
Refreshing native plugins compatible for Editor in 0.44 ms, found 3 plugins.
Preloading 0 native plugins for Editor in 0.00 ms.
Unloading 2076 Unused Serialized files (Serialized files now loaded: 0)
System memory in use before: 96.3 MB.
System memory in use after: 96.2 MB.

Unloading 22 unused Assets to reduce memory usage. Loaded Objects now: 2606.
Total: 3.684100 ms (FindLiveObjects: 0.347000 ms CreateObjectMapping: 0.129000 ms MarkObjects: 3.085200 ms  DeleteObjects: 0.120700 ms)

========================================================================
Received Import Request.
  Time since last request: 7.601023 seconds.
  path: Assets/Materials/LookAtPlayer.cs
  artifactKey: Guid(478f859fd9daeaf4a9c9d1505526a9be) Importer(815301076,1909f56bfc062723c751e8b465ee728b)
Start importing Assets/Materials/LookAtPlayer.cs using Guid(478f859fd9daeaf4a9c9d1505526a9be) Importer(815301076,1909f56bfc062723c751e8b465ee728b)  -> (artifact id: '47ad9b76a1e49522dcc44666f4466c34') in 0.012993 seconds
  Import took 0.019588 seconds .

========================================================================
Received Import Request.
  Time since last request: 0.005150 seconds.
  path: Assets/Materials/LookAtPlayer.cs
  artifactKey: Guid(478f859fd9daeaf4a9c9d1505526a9be) Importer(815301076,1909f56bfc062723c751e8b465ee728b)
Start importing Assets/Materials/LookAtPlayer.cs using Guid(478f859fd9daeaf4a9c9d1505526a9be) Importer(815301076,1909f56bfc062723c751e8b465ee728b)  -> (artifact id: '47ad9b76a1e49522dcc44666f4466c34') in 0.006463 seconds
  Import took 0.013158 seconds .

========================================================================
Received Prepare
Registering precompiled user dll's ...
Registered in 0.005004 seconds.
Begin MonoManager ReloadAssembly
Native extension for WindowsStandalone target not found
Refreshing native plugins compatible for Editor in 0.68 ms, found 3 plugins.
Preloading 0 native plugins for Editor in 0.00 ms.
Mono: successfully reloaded assembly
- Completed reload, in  1.217 seconds
Platform modules already initialized, skipping
Refreshing native plugins compatible for Editor in 0.69 ms, found 3 plugins.
Preloading 0 native plugins for Editor in 0.00 ms.
Unloading 2075 Unused Serialized files (Serialized files now loaded: 0)
System memory in use before: 96.2 MB.
System memory in use after: 96.2 MB.

Unloading 22 unused Assets to reduce memory usage. Loaded Objects now: 2609.
Total: 3.493400 ms (FindLiveObjects: 0.245500 ms CreateObjectMapping: 0.116900 ms MarkObjects: 2.953600 ms  DeleteObjects: 0.175700 ms)

========================================================================
Received Import Request.
  Time since last request: 8.781621 seconds.
  path: Assets/Materials/New Material.mat
  artifactKey: Guid(ca05db0000b7e204da247385db52be79) Importer(815301076,1909f56bfc062723c751e8b465ee728b)
Start importing Assets/Materials/New Material.mat using Guid(ca05db0000b7e204da247385db52be79) Importer(815301076,1909f56bfc062723c751e8b465ee728b)  -> (artifact id: 'aa0a7bd12ab1f5df13f79e4b9b2d129b') in 0.072004 seconds
  Import took 0.080976 seconds .

AssetImportWorkerClient::OnTransportError - code=2 error=End of file
